{"/workspaces/walletspace/poc/base.ts": {"path":"/workspaces/walletspace/poc/base.ts","statementMap":{"0":{"start":{"line":3,"column":0},"end":{"line":3,"column":null}},"1":{"start":{"line":4,"column":17},"end":{"line":4,"column":null}},"2":{"start":{"line":5,"column":17},"end":{"line":5,"column":null}},"3":{"start":{"line":6,"column":17},"end":{"line":6,"column":null}}},"fnMap":{"0":{"name":"(anonymous_0)","decl":{"start":{"line":3,"column":0},"end":{"line":3,"column":17}},"loc":{"start":{"line":3,"column":20},"end":{"line":29,"column":1}}}},"branchMap":{"0":{"loc":{"start":{"line":3,"column":17},"end":{"line":3,"column":null}},"type":"binary-expr","locations":[{"start":{"line":3,"column":17},"end":{"line":3,"column":20}},{"start":{"line":3,"column":17},"end":{"line":3,"column":null}}]}},"s":{"0":1,"1":1,"2":1,"3":1},"f":{"0":1},"b":{"0":[1,1]}}
}
